This is pdfTeX, Version 3.141592653-2.6-1.40.28 (TeX Live 2025) (preloaded format=pdflatex 2025.9.3)  15 OCT 2025 20:10
entering extended mode
 restricted \write18 enabled.
 %&-line parsing enabled.
**\input ./Rd2.tex \input ./Rd2.tex \input ./Rd2.tex
(./Rd2.tex
(/usr/local/texlive/2025/texmf-dist/tex/latex/base/book.cls
Document Class: book 2025/01/22 v1.4n Standard LaTeX document class
(/usr/local/texlive/2025/texmf-dist/tex/latex/base/bk10.clo
File: bk10.clo 2025/01/22 v1.4n Standard LaTeX file (size option)
)
\c@part=\count275
\c@chapter=\count276
\c@section=\count277
\c@subsection=\count278
\c@subsubsection=\count279
\c@paragraph=\count280
\c@subparagraph=\count281
\c@figure=\count282
\c@table=\count283
\abovecaptionskip=\skip49
\belowcaptionskip=\skip50
\bibindent=\dimen148
)
(/Library/Frameworks/R.framework/Resources/share/texmf/tex/latex/Rd.sty
Package: Rd 

(/usr/local/texlive/2025/texmf-dist/tex/latex/base/ifthen.sty
Package: ifthen 2024/03/16 v1.1e Standard LaTeX ifthen package (DPC)
)
(/usr/local/texlive/2025/texmf-dist/tex/generic/iftex/iftex.sty
Package: iftex 2024/12/12 v1.0g TeX engine tests
)
(/usr/local/texlive/2025/texmf-dist/tex/latex/tools/longtable.sty
Package: longtable 2024-12-18 v4.23 Multi-page Table package (DPC)
\LTleft=\skip51
\LTright=\skip52
\LTpre=\skip53
\LTpost=\skip54
\LTchunksize=\count284
\LTcapwidth=\dimen149
\LT@head=\box53
\LT@firsthead=\box54
\LT@foot=\box55
\LT@lastfoot=\box56
\LT@gbox=\box57
\LT@cols=\count285
\LT@rows=\count286
\c@LT@tables=\count287
\c@LT@chunks=\count288
\LT@p@ftn=\toks17
)
(/usr/local/texlive/2025/texmf-dist/tex/latex/tools/bm.sty
Package: bm 2023/12/19 v1.2f Bold Symbol Support (DPC/FMi)
\symboldoperators=\mathgroup4
\symboldletters=\mathgroup5
\symboldsymbols=\mathgroup6
Package bm Info: No bold for \OMX/cmex/m/n, using \pmb.
LaTeX Font Info:    Redeclaring math alphabet \mathbf on input line 149.
)
(/usr/local/texlive/2025/texmf-dist/tex/latex/base/alltt.sty
Package: alltt 2024/07/07 v2.0g defines alltt environment
)
(/usr/local/texlive/2025/texmf-dist/tex/latex/tools/verbatim.sty
Package: verbatim 2024-01-22 v1.5x LaTeX2e package for verbatim enhancements
\every@verbatim=\toks18
\verbatim@line=\toks19
\verbatim@in@stream=\read2
)
(/usr/local/texlive/2025/texmf-dist/tex/latex/url/url.sty
\Urlmuskip=\muskip17
Package: url 2013/09/16  ver 3.4  Verb mode for urls, etc.
)
(/usr/local/texlive/2025/texmf-dist/tex/latex/base/textcomp.sty
Package: textcomp 2024/04/24 v2.1b Standard LaTeX package
)
(/usr/local/texlive/2025/texmf-dist/tex/latex/amsmath/amsmath.sty
Package: amsmath 2025/06/16 v2.17y AMS math features
\@mathmargin=\skip55

For additional information on amsmath, use the `?' option.
(/usr/local/texlive/2025/texmf-dist/tex/latex/amsmath/amstext.sty
Package: amstext 2024/11/17 v2.01 AMS text

(/usr/local/texlive/2025/texmf-dist/tex/latex/amsmath/amsgen.sty
File: amsgen.sty 1999/11/30 v2.0 generic functions
\@emptytoks=\toks20
\ex@=\dimen150
))
(/usr/local/texlive/2025/texmf-dist/tex/latex/amsmath/amsbsy.sty
Package: amsbsy 1999/11/29 v1.2d Bold Symbols
LaTeX Info: Redefining \boldsymbol on input line 28.
\pmbraise@=\dimen151
)
(/usr/local/texlive/2025/texmf-dist/tex/latex/amsmath/amsopn.sty
Package: amsopn 2022/04/08 v2.04 operator names
)
\inf@bad=\count289
LaTeX Info: Redefining \frac on input line 233.
\uproot@=\count290
\leftroot@=\count291
LaTeX Info: Redefining \overline on input line 398.
LaTeX Info: Redefining \colon on input line 409.
\classnum@=\count292
\DOTSCASE@=\count293
LaTeX Info: Redefining \ldots on input line 495.
LaTeX Info: Redefining \dots on input line 498.
LaTeX Info: Redefining \cdots on input line 619.
\Mathstrutbox@=\box58
\strutbox@=\box59
LaTeX Info: Redefining \big on input line 721.
LaTeX Info: Redefining \Big on input line 722.
LaTeX Info: Redefining \bigg on input line 723.
LaTeX Info: Redefining \Bigg on input line 724.
\big@size=\dimen152
LaTeX Font Info:    Redeclaring font encoding OML on input line 742.
LaTeX Font Info:    Redeclaring font encoding OMS on input line 743.
\macc@depth=\count294
LaTeX Info: Redefining \bmod on input line 904.
LaTeX Info: Redefining \pmod on input line 909.
LaTeX Info: Redefining \smash on input line 939.
LaTeX Info: Redefining \relbar on input line 969.
LaTeX Info: Redefining \Relbar on input line 970.
\c@MaxMatrixCols=\count295
\dotsspace@=\muskip18
\c@parentequation=\count296
\dspbrk@lvl=\count297
\tag@help=\toks21
\row@=\count298
\column@=\count299
\maxfields@=\count300
\andhelp@=\toks22
\eqnshift@=\dimen153
\alignsep@=\dimen154
\tagshift@=\dimen155
\tagwidth@=\dimen156
\totwidth@=\dimen157
\lineht@=\dimen158
\@envbody=\toks23
\multlinegap=\skip56
\multlinetaggap=\skip57
\mathdisplay@stack=\toks24
LaTeX Info: Redefining \[ on input line 2949.
LaTeX Info: Redefining \] on input line 2950.
)
(/usr/local/texlive/2025/texmf-dist/tex/latex/amsfonts/amsfonts.sty
Package: amsfonts 2013/01/14 v3.01 Basic AMSFonts support
\symAMSa=\mathgroup7
\symAMSb=\mathgroup8
LaTeX Font Info:    Redeclaring math symbol \hbar on input line 98.
LaTeX Font Info:    Overwriting math alphabet `\mathfrak' in version `bold'
(Font)                  U/euf/m/n --> U/euf/b/n on input line 106.
)
(/usr/local/texlive/2025/texmf-dist/tex/latex/amsfonts/amssymb.sty
Package: amssymb 2013/01/14 v3.01 AMS font symbols
)
(/usr/local/texlive/2025/texmf-dist/tex/latex/jknapltx/mathrsfs.sty
Package: mathrsfs 1996/01/01 Math RSFS package v1.0 (jk)
\symrsfs=\mathgroup9
)
\ldescriptionwidth=\skip58

(/usr/local/texlive/2025/texmf-dist/tex/latex/base/fontenc.sty
Package: fontenc 2024/12/21 v2.1c Standard LaTeX package
)
(/usr/local/texlive/2025/texmf-dist/tex/latex/psnfss/times.sty
Package: times 2020/03/25 PSNFSS-v9.3 (SPQR) 
)
(/usr/local/texlive/2025/texmf-dist/tex/latex/inconsolata/zi4.sty
Package: zi4 2019/05/17 v1.12

`inconsolata-zi4' v1.12, 2019/05/17 Text macros for Inconsolata (msharpe)
(/usr/local/texlive/2025/texmf-dist/tex/latex/xkeyval/xkeyval.sty
Package: xkeyval 2022/06/16 v2.9 package option processing (HA)

(/usr/local/texlive/2025/texmf-dist/tex/generic/xkeyval/xkeyval.tex
(/usr/local/texlive/2025/texmf-dist/tex/generic/xkeyval/xkvutils.tex
\XKV@toks=\toks25
\XKV@tempa@toks=\toks26

(/usr/local/texlive/2025/texmf-dist/tex/generic/xkeyval/keyval.tex))
\XKV@depth=\count301
File: xkeyval.tex 2014/12/03 v2.7a key=value parser (HA)
))
\zifour@ocount=\count302
)
(/usr/local/texlive/2025/texmf-dist/tex/latex/graphics/color.sty
Package: color 2025/01/14 v1.3e Standard LaTeX Color (DPC)

(/usr/local/texlive/2025/texmf-dist/tex/latex/graphics-cfg/color.cfg
File: color.cfg 2016/01/02 v1.6 sample color configuration
)
Package color Info: Driver file: pdftex.def on input line 149.

(/usr/local/texlive/2025/texmf-dist/tex/latex/graphics-def/pdftex.def
File: pdftex.def 2024/04/13 v1.2c Graphics/color driver for pdftex
)
(/usr/local/texlive/2025/texmf-dist/tex/latex/graphics/mathcolor.ltx))
(/usr/local/texlive/2025/texmf-dist/tex/latex/hyperref/hyperref.sty
Package: hyperref 2025-07-12 v7.01o Hypertext links for LaTeX

(/usr/local/texlive/2025/texmf-dist/tex/latex/kvsetkeys/kvsetkeys.sty
Package: kvsetkeys 2022-10-05 v1.19 Key value parser (HO)
)
(/usr/local/texlive/2025/texmf-dist/tex/generic/kvdefinekeys/kvdefinekeys.sty
Package: kvdefinekeys 2019-12-19 v1.6 Define keys (HO)
)
(/usr/local/texlive/2025/texmf-dist/tex/generic/pdfescape/pdfescape.sty
Package: pdfescape 2019/12/09 v1.15 Implements pdfTeX's escape features (HO)

(/usr/local/texlive/2025/texmf-dist/tex/generic/ltxcmds/ltxcmds.sty
Package: ltxcmds 2023-12-04 v1.26 LaTeX kernel commands for general use (HO)
)
(/usr/local/texlive/2025/texmf-dist/tex/generic/pdftexcmds/pdftexcmds.sty
Package: pdftexcmds 2020-06-27 v0.33 Utility functions of pdfTeX for LuaTeX (HO
)

(/usr/local/texlive/2025/texmf-dist/tex/generic/infwarerr/infwarerr.sty
Package: infwarerr 2019/12/03 v1.5 Providing info/warning/error messages (HO)
)
Package pdftexcmds Info: \pdf@primitive is available.
Package pdftexcmds Info: \pdf@ifprimitive is available.
Package pdftexcmds Info: \pdfdraftmode found.
))
(/usr/local/texlive/2025/texmf-dist/tex/latex/hycolor/hycolor.sty
Package: hycolor 2020-01-27 v1.10 Color options for hyperref/bookmark (HO)
)
(/usr/local/texlive/2025/texmf-dist/tex/latex/hyperref/nameref.sty
Package: nameref 2025-06-21 v2.57 Cross-referencing by name of section

(/usr/local/texlive/2025/texmf-dist/tex/latex/refcount/refcount.sty
Package: refcount 2019/12/15 v3.6 Data extraction from label references (HO)
)
(/usr/local/texlive/2025/texmf-dist/tex/generic/gettitlestring/gettitlestring.s
ty
Package: gettitlestring 2019/12/15 v1.6 Cleanup title references (HO)
 (/usr/local/texlive/2025/texmf-dist/tex/latex/kvoptions/kvoptions.sty
Package: kvoptions 2022-06-15 v3.15 Key value format for package options (HO)
))
\c@section@level=\count303
)
(/usr/local/texlive/2025/texmf-dist/tex/latex/etoolbox/etoolbox.sty
Package: etoolbox 2025/02/11 v2.5l e-TeX tools for LaTeX (JAW)
\etb@tempcnta=\count304
)
(/usr/local/texlive/2025/texmf-dist/tex/generic/stringenc/stringenc.sty
Package: stringenc 2019/11/29 v1.12 Convert strings between diff. encodings (HO
)
)
\@linkdim=\dimen159
\Hy@linkcounter=\count305
\Hy@pagecounter=\count306

(/usr/local/texlive/2025/texmf-dist/tex/latex/hyperref/pd1enc.def
File: pd1enc.def 2025-07-12 v7.01o Hyperref: PDFDocEncoding definition (HO)
Now handling font encoding PD1 ...
... no UTF-8 mapping file for font encoding PD1
)
(/usr/local/texlive/2025/texmf-dist/tex/generic/intcalc/intcalc.sty
Package: intcalc 2019/12/15 v1.3 Expandable calculations with integers (HO)
)
\Hy@SavedSpaceFactor=\count307

(/usr/local/texlive/2025/texmf-dist/tex/latex/hyperref/puenc.def
File: puenc.def 2025-07-12 v7.01o Hyperref: PDF Unicode definition (HO)
Now handling font encoding PU ...
... no UTF-8 mapping file for font encoding PU
)
Package hyperref Info: Hyper figures OFF on input line 4195.
Package hyperref Info: Link nesting OFF on input line 4200.
Package hyperref Info: Hyper index ON on input line 4203.
Package hyperref Info: Plain pages OFF on input line 4210.
Package hyperref Info: Backreferencing OFF on input line 4215.
Package hyperref Info: Implicit mode ON; LaTeX internals redefined.
Package hyperref Info: Bookmarks ON on input line 4462.
\c@Hy@tempcnt=\count308
LaTeX Info: Redefining \url on input line 4801.
\XeTeXLinkMargin=\dimen160

(/usr/local/texlive/2025/texmf-dist/tex/generic/bitset/bitset.sty
Package: bitset 2019/12/09 v1.3 Handle bit-vector datatype (HO)

(/usr/local/texlive/2025/texmf-dist/tex/generic/bigintcalc/bigintcalc.sty
Package: bigintcalc 2019/12/15 v1.5 Expandable calculations on big integers (HO
)
))
\Fld@menulength=\count309
\Field@Width=\dimen161
\Fld@charsize=\dimen162
Package hyperref Info: Hyper figures OFF on input line 6078.
Package hyperref Info: Link nesting OFF on input line 6083.
Package hyperref Info: Hyper index ON on input line 6086.
Package hyperref Info: backreferencing OFF on input line 6093.
Package hyperref Info: Link coloring OFF on input line 6098.
Package hyperref Info: Link coloring with OCG OFF on input line 6103.
Package hyperref Info: PDF/A mode OFF on input line 6108.
\Hy@abspage=\count310
\c@Item=\count311
\c@Hfootnote=\count312
)
Package hyperref Info: Driver (autodetected): hpdftex.

(/usr/local/texlive/2025/texmf-dist/tex/latex/hyperref/hpdftex.def
File: hpdftex.def 2025-07-12 v7.01o Hyperref driver for pdfTeX
\Fld@listcount=\count313
\c@bookmark@seq@number=\count314

(/usr/local/texlive/2025/texmf-dist/tex/latex/rerunfilecheck/rerunfilecheck.sty
Package: rerunfilecheck 2025-06-21 v1.11 Rerun checks for auxiliary files (HO)

(/usr/local/texlive/2025/texmf-dist/tex/generic/uniquecounter/uniquecounter.sty
Package: uniquecounter 2019/12/15 v1.4 Provide unlimited unique counter (HO)
)
Package uniquecounter Info: New unique counter `rerunfilecheck' on input line 2
84.
)
\Hy@SectionHShift=\skip59
)
Package hyperref Info: Option `colorlinks' set `true' on input line 413.
Package hyperref Info: Option `linktocpage' set `true' on input line 413.
Package hyperref Info: Option `plainpages' set `false' on input line 413.
LaTeX Encoding Info:    Ignoring declaration for text command \textdegree (enco
ding ?) on input line 462.
LaTeX Encoding Info:    Ignoring declaration for text command \textonehalf (enc
oding ?) on input line 463.
LaTeX Encoding Info:    Ignoring declaration for text command \textonequarter (
encoding ?) on input line 464.
LaTeX Encoding Info:    Ignoring declaration for text command \textthreequarter
s (encoding ?) on input line 465.
LaTeX Encoding Info:    Ignoring declaration for text command \textcent (encodi
ng ?) on input line 466.
LaTeX Encoding Info:    Ignoring declaration for text command \textyen (encodin
g ?) on input line 467.
LaTeX Encoding Info:    Ignoring declaration for text command \textcurrency (en
coding ?) on input line 468.
LaTeX Encoding Info:    Ignoring declaration for text command \textbrokenbar (e
ncoding ?) on input line 469.
LaTeX Encoding Info:    Ignoring declaration for text command \texteuro (encodi
ng ?) on input line 470.
) (/usr/local/texlive/2025/texmf-dist/tex/latex/base/makeidx.sty
Package: makeidx 2021/10/04 v1.0m Standard LaTeX package
)
\@indexfile=\write3
\openout3 = `Rd2.idx'.


Writing index file Rd2.idx
LaTeX Font Info:    Trying to load font information for T1+ptm on input line 8.

(/usr/local/texlive/2025/texmf-dist/tex/latex/psnfss/t1ptm.fd
File: t1ptm.fd 2001/06/04 font definitions for T1/ptm.
)
(/usr/local/texlive/2025/texmf-dist/tex/latex/l3backend/l3backend-pdftex.def
File: l3backend-pdftex.def 2025-06-09 L3 backend support: PDF output (pdfTeX)
\l__color_backend_stack_int=\count315
)
(/private/var/folders/7d/w68_c5z97jsdlnp1fbsxm8km0000gn/T/RtmpxlRGwX/Rd2pdf6839
9c521f/Rd2.aux)
\openout1 = `Rd2.aux'.

LaTeX Font Info:    Checking defaults for OML/cmm/m/it on input line 8.
LaTeX Font Info:    ... okay on input line 8.
LaTeX Font Info:    Checking defaults for OMS/cmsy/m/n on input line 8.
LaTeX Font Info:    ... okay on input line 8.
LaTeX Font Info:    Checking defaults for OT1/cmr/m/n on input line 8.
LaTeX Font Info:    ... okay on input line 8.
LaTeX Font Info:    Checking defaults for T1/cmr/m/n on input line 8.
LaTeX Font Info:    ... okay on input line 8.
LaTeX Font Info:    Checking defaults for TS1/cmr/m/n on input line 8.
LaTeX Font Info:    ... okay on input line 8.
LaTeX Font Info:    Checking defaults for OMX/cmex/m/n on input line 8.
LaTeX Font Info:    ... okay on input line 8.
LaTeX Font Info:    Checking defaults for U/cmr/m/n on input line 8.
LaTeX Font Info:    ... okay on input line 8.
LaTeX Font Info:    Checking defaults for PD1/pdf/m/n on input line 8.
LaTeX Font Info:    ... okay on input line 8.
LaTeX Font Info:    Checking defaults for PU/pdf/m/n on input line 8.
LaTeX Font Info:    ... okay on input line 8.

(/usr/local/texlive/2025/texmf-dist/tex/context/base/mkii/supp-pdf.mkii
[Loading MPS to PDF converter (version 2006.09.02).]
\scratchcounter=\count316
\scratchdimen=\dimen163
\scratchbox=\box60
\nofMPsegments=\count317
\nofMParguments=\count318
\everyMPshowfont=\toks27
\MPscratchCnt=\count319
\MPscratchDim=\dimen164
\MPnumerator=\count320
\makeMPintoPDFobject=\count321
\everyMPtoPDFconversion=\toks28
)
Package hyperref Info: Link coloring ON on input line 8.

(/private/var/folders/7d/w68_c5z97jsdlnp1fbsxm8km0000gn/T/RtmpxlRGwX/Rd2pdf6839
9c521f/Rd2.out)
(/private/var/folders/7d/w68_c5z97jsdlnp1fbsxm8km0000gn/T/RtmpxlRGwX/Rd2pdf6839
9c521f/Rd2.out)
\@outlinefile=\write4
\openout4 = `Rd2.out'.

LaTeX Font Info:    Trying to load font information for TS1+ptm on input line 2
1.
 (/usr/local/texlive/2025/texmf-dist/tex/latex/psnfss/ts1ptm.fd
File: ts1ptm.fd 2001/06/04 font definitions for TS1/ptm.
)
LaTeX Font Info:    Trying to load font information for T1+zi4 on input line 31
.
(/usr/local/texlive/2025/texmf-dist/tex/latex/inconsolata/t1zi4.fd
File: t1zi4.fd 2018/01/14 T1/zi4 (Inconsolata)
)
LaTeX Font Info:    Font shape `T1/zi4/m/n' will be
(Font)              scaled to size 10.0pt on input line 31.
LaTeX Font Info:    Trying to load font information for U+msa on input line 31.


(/usr/local/texlive/2025/texmf-dist/tex/latex/amsfonts/umsa.fd
File: umsa.fd 2013/01/14 v3.01 AMS symbols A
)
LaTeX Font Info:    Trying to load font information for U+msb on input line 31.


(/usr/local/texlive/2025/texmf-dist/tex/latex/amsfonts/umsb.fd
File: umsb.fd 2013/01/14 v3.01 AMS symbols B
)
LaTeX Font Info:    Trying to load font information for U+rsfs on input line 31
.

(/usr/local/texlive/2025/texmf-dist/tex/latex/jknapltx/ursfs.fd
File: ursfs.fd 1998/03/24 rsfs font definition file (jk)
)
(/private/var/folders/7d/w68_c5z97jsdlnp1fbsxm8km0000gn/T/RtmpxlRGwX/Rd2pdf6839
9c521f/Rd2.toc

[1


{/usr/local/texlive/2025/texmf-var/fonts/map/pdftex/updmap/pdftex.map}{/usr/loc
al/texlive/2025/texmf-dist/fonts/enc/dvips/base/8r.enc}{/usr/local/texlive/2025
/texmf-dist/fonts/enc/dvips/inconsolata/i4-t1-0.enc}])
\tf@toc=\write5
\openout5 = `Rd2.toc'.



[2]
Overfull \hbox (12.81824pt too wide) in paragraph at lines 113--114
[]\T1/ptm/m/n/10 A char-ac-ter vec-tor of length 1. Me-di-a-tor re-gres-sion ty
pe: []\T1/zi4/m/n/10 "linear" []\T1/ptm/m/n/10 or []\T1/zi4/m/n/10 "logistic"[]
\T1/ptm/m/n/10 . 
 []



[3]
Overfull \hbox (12.81824pt too wide) in paragraph at lines 154--155
[]\T1/ptm/m/n/10 A char-ac-ter vec-tor of length 1. Me-di-a-tor re-gres-sion ty
pe: []\T1/zi4/m/n/10 "linear" []\T1/ptm/m/n/10 or []\T1/zi4/m/n/10 "logistic"[]
\T1/ptm/m/n/10 . 
 []


Overfull \hbox (5.20837pt too wide) in paragraph at lines 158--159
[]\T1/ptm/m/n/10 A char-ac-ter vec-tor of length 1. Out-come re-gres-sion type:
 []\T1/zi4/m/n/10 "linear"[]\T1/ptm/m/n/10 , []\T1/zi4/m/n/10 "logistic"[]\T1/p
tm/m/n/10 ,
 []


Overfull \hbox (52.38095pt too wide) in paragraph at lines 158--159
[]\T1/zi4/m/n/10 "loglinear"[]\T1/ptm/m/n/10 , []\T1/zi4/m/n/10 "poisson"[]\T1/
ptm/m/n/10 , []\T1/zi4/m/n/10 "negbin"[]\T1/ptm/m/n/10 , []\T1/zi4/m/n/10 "surv
Cox"[]\T1/ptm/m/n/10 , []\T1/zi4/m/n/10 "survAFT_exp"[]\T1/ptm/m/n/10 , or []\T
1/zi4/m/n/10 "survAFT_weibull"[]\T1/ptm/m/n/10 . 
 []



[4]
Overfull \hbox (12.81824pt too wide) in paragraph at lines 207--208
[]\T1/ptm/m/n/10 A char-ac-ter vec-tor of length 1. Me-di-a-tor re-gres-sion ty
pe: []\T1/zi4/m/n/10 "linear" []\T1/ptm/m/n/10 or []\T1/zi4/m/n/10 "logistic"[]
\T1/ptm/m/n/10 . 
 []


Overfull \hbox (5.20837pt too wide) in paragraph at lines 211--212
[]\T1/ptm/m/n/10 A char-ac-ter vec-tor of length 1. Out-come re-gres-sion type:
 []\T1/zi4/m/n/10 "linear"[]\T1/ptm/m/n/10 , []\T1/zi4/m/n/10 "logistic"[]\T1/p
tm/m/n/10 ,
 []


Overfull \hbox (52.38095pt too wide) in paragraph at lines 211--212
[]\T1/zi4/m/n/10 "loglinear"[]\T1/ptm/m/n/10 , []\T1/zi4/m/n/10 "poisson"[]\T1/
ptm/m/n/10 , []\T1/zi4/m/n/10 "negbin"[]\T1/ptm/m/n/10 , []\T1/zi4/m/n/10 "surv
Cox"[]\T1/ptm/m/n/10 , []\T1/zi4/m/n/10 "survAFT_exp"[]\T1/ptm/m/n/10 , or []\T
1/zi4/m/n/10 "survAFT_weibull"[]\T1/ptm/m/n/10 . 
 []



[5]
Overfull \hbox (12.81824pt too wide) in paragraph at lines 260--261
[]\T1/ptm/m/n/10 A char-ac-ter vec-tor of length 1. Me-di-a-tor re-gres-sion ty
pe: []\T1/zi4/m/n/10 "linear" []\T1/ptm/m/n/10 or []\T1/zi4/m/n/10 "logistic"[]
\T1/ptm/m/n/10 . 
 []


Overfull \hbox (5.20837pt too wide) in paragraph at lines 264--265
[]\T1/ptm/m/n/10 A char-ac-ter vec-tor of length 1. Out-come re-gres-sion type:
 []\T1/zi4/m/n/10 "linear"[]\T1/ptm/m/n/10 , []\T1/zi4/m/n/10 "logistic"[]\T1/p
tm/m/n/10 ,
 []


Overfull \hbox (52.38095pt too wide) in paragraph at lines 264--265
[]\T1/zi4/m/n/10 "loglinear"[]\T1/ptm/m/n/10 , []\T1/zi4/m/n/10 "poisson"[]\T1/
ptm/m/n/10 , []\T1/zi4/m/n/10 "negbin"[]\T1/ptm/m/n/10 , []\T1/zi4/m/n/10 "surv
Cox"[]\T1/ptm/m/n/10 , []\T1/zi4/m/n/10 "survAFT_exp"[]\T1/ptm/m/n/10 , or []\T
1/zi4/m/n/10 "survAFT_weibull"[]\T1/ptm/m/n/10 . 
 []



[6]
Overfull \hbox (12.81824pt too wide) in paragraph at lines 313--314
[]\T1/ptm/m/n/10 A char-ac-ter vec-tor of length 1. Me-di-a-tor re-gres-sion ty
pe: []\T1/zi4/m/n/10 "linear" []\T1/ptm/m/n/10 or []\T1/zi4/m/n/10 "logistic"[]
\T1/ptm/m/n/10 . 
 []


Overfull \hbox (5.20837pt too wide) in paragraph at lines 317--318
[]\T1/ptm/m/n/10 A char-ac-ter vec-tor of length 1. Out-come re-gres-sion type:
 []\T1/zi4/m/n/10 "linear"[]\T1/ptm/m/n/10 , []\T1/zi4/m/n/10 "logistic"[]\T1/p
tm/m/n/10 ,
 []


Overfull \hbox (52.38095pt too wide) in paragraph at lines 317--318
[]\T1/zi4/m/n/10 "loglinear"[]\T1/ptm/m/n/10 , []\T1/zi4/m/n/10 "poisson"[]\T1/
ptm/m/n/10 , []\T1/zi4/m/n/10 "negbin"[]\T1/ptm/m/n/10 , []\T1/zi4/m/n/10 "surv
Cox"[]\T1/ptm/m/n/10 , []\T1/zi4/m/n/10 "survAFT_exp"[]\T1/ptm/m/n/10 , or []\T
1/zi4/m/n/10 "survAFT_weibull"[]\T1/ptm/m/n/10 . 
 []



[7]
Overfull \hbox (12.81824pt too wide) in paragraph at lines 366--367
[]\T1/ptm/m/n/10 A char-ac-ter vec-tor of length 1. Me-di-a-tor re-gres-sion ty
pe: []\T1/zi4/m/n/10 "linear" []\T1/ptm/m/n/10 or []\T1/zi4/m/n/10 "logistic"[]
\T1/ptm/m/n/10 . 
 []


Overfull \hbox (5.20837pt too wide) in paragraph at lines 370--371
[]\T1/ptm/m/n/10 A char-ac-ter vec-tor of length 1. Out-come re-gres-sion type:
 []\T1/zi4/m/n/10 "linear"[]\T1/ptm/m/n/10 , []\T1/zi4/m/n/10 "logistic"[]\T1/p
tm/m/n/10 ,
 []


Overfull \hbox (52.38095pt too wide) in paragraph at lines 370--371
[]\T1/zi4/m/n/10 "loglinear"[]\T1/ptm/m/n/10 , []\T1/zi4/m/n/10 "poisson"[]\T1/
ptm/m/n/10 , []\T1/zi4/m/n/10 "negbin"[]\T1/ptm/m/n/10 , []\T1/zi4/m/n/10 "surv
Cox"[]\T1/ptm/m/n/10 , []\T1/zi4/m/n/10 "survAFT_exp"[]\T1/ptm/m/n/10 , or []\T
1/zi4/m/n/10 "survAFT_weibull"[]\T1/ptm/m/n/10 . 
 []



[8]
LaTeX Font Info:    Trying to load font information for TS1+zi4 on input line 4
01.
 (/usr/local/texlive/2025/texmf-dist/tex/latex/inconsolata/ts1zi4.fd
File: ts1zi4.fd 2018/01/14 TS1/zi4 (Inconsolata)
)
LaTeX Font Info:    Font shape `TS1/zi4/m/n' will be
(Font)              scaled to size 10.0pt on input line 401.
LaTeX Font Info:    Font shape `T1/zi4/m/n' will be
(Font)              scaled to size 9.0pt on input line 427.


[9{/usr/local/texlive/2025/texmf-dist/fonts/enc/dvips/inconsolata/i4-ts1.enc}]

[10]

[11]
Overfull \hbox (12.81824pt too wide) in paragraph at lines 595--596
[]\T1/ptm/m/n/10 A char-ac-ter vec-tor of length 1. Me-di-a-tor re-gres-sion ty
pe: []\T1/zi4/m/n/10 "linear" []\T1/ptm/m/n/10 or []\T1/zi4/m/n/10 "logistic"[]
\T1/ptm/m/n/10 . 
 []



[12]
Overfull \hbox (59.69934pt too wide) in paragraph at lines 615--616
[]\T1/ptm/m/n/10 (im-ple-mented as mod-i-fied Pois-son), []\T1/zi4/m/n/10 "pois
son"[]\T1/ptm/m/n/10 , []\T1/zi4/m/n/10 "negbin"[]\T1/ptm/m/n/10 , []\T1/zi4/m/
n/10 "survCox"[]\T1/ptm/m/n/10 , []\T1/zi4/m/n/10 "survAFT_exp"[]\T1/ptm/m/n/10
 , or []\T1/zi4/m/n/10 "survAFT_weibull"[]\T1/ptm/m/n/10 . 
 []


Overfull \hbox (5.20837pt too wide) in paragraph at lines 637--638
[]\T1/ptm/m/n/10 A char-ac-ter vec-tor of length 1. Out-come re-gres-sion type:
 []\T1/zi4/m/n/10 "linear"[]\T1/ptm/m/n/10 , []\T1/zi4/m/n/10 "logistic"[]\T1/p
tm/m/n/10 ,
 []


Overfull \hbox (52.38095pt too wide) in paragraph at lines 637--638
[]\T1/zi4/m/n/10 "loglinear"[]\T1/ptm/m/n/10 , []\T1/zi4/m/n/10 "poisson"[]\T1/
ptm/m/n/10 , []\T1/zi4/m/n/10 "negbin"[]\T1/ptm/m/n/10 , []\T1/zi4/m/n/10 "surv
Cox"[]\T1/ptm/m/n/10 , []\T1/zi4/m/n/10 "survAFT_exp"[]\T1/ptm/m/n/10 , or []\T
1/zi4/m/n/10 "survAFT_weibull"[]\T1/ptm/m/n/10 . 
 []



[13]

[14]

[15]
Overfull \hbox (5.20837pt too wide) in paragraph at lines 783--784
[]\T1/ptm/m/n/10 A char-ac-ter vec-tor of length 1. Out-come re-gres-sion type:
 []\T1/zi4/m/n/10 "linear"[]\T1/ptm/m/n/10 , []\T1/zi4/m/n/10 "logistic"[]\T1/p
tm/m/n/10 ,
 []


Overfull \hbox (52.38095pt too wide) in paragraph at lines 783--784
[]\T1/zi4/m/n/10 "loglinear"[]\T1/ptm/m/n/10 , []\T1/zi4/m/n/10 "poisson"[]\T1/
ptm/m/n/10 , []\T1/zi4/m/n/10 "negbin"[]\T1/ptm/m/n/10 , []\T1/zi4/m/n/10 "surv
Cox"[]\T1/ptm/m/n/10 , []\T1/zi4/m/n/10 "survAFT_exp"[]\T1/ptm/m/n/10 , or []\T
1/zi4/m/n/10 "survAFT_weibull"[]\T1/ptm/m/n/10 . 
 []


Overfull \hbox (12.81824pt too wide) in paragraph at lines 785--786
[]\T1/ptm/m/n/10 A char-ac-ter vec-tor of length 1. Me-di-a-tor re-gres-sion ty
pe: []\T1/zi4/m/n/10 "linear" []\T1/ptm/m/n/10 or []\T1/zi4/m/n/10 "logistic"[]
\T1/ptm/m/n/10 . 
 []



[16]

[17]

[18]

[19]

[20]
Overfull \hbox (12.81824pt too wide) in paragraph at lines 1032--1033
[]\T1/ptm/m/n/10 A char-ac-ter vec-tor of length 1. Me-di-a-tor re-gres-sion ty
pe: []\T1/zi4/m/n/10 "linear" []\T1/ptm/m/n/10 or []\T1/zi4/m/n/10 "logistic"[]
\T1/ptm/m/n/10 . 
 []


Overfull \hbox (5.20837pt too wide) in paragraph at lines 1034--1035
[]\T1/ptm/m/n/10 A char-ac-ter vec-tor of length 1. Out-come re-gres-sion type:
 []\T1/zi4/m/n/10 "linear"[]\T1/ptm/m/n/10 , []\T1/zi4/m/n/10 "logistic"[]\T1/p
tm/m/n/10 ,
 []


Overfull \hbox (52.38095pt too wide) in paragraph at lines 1034--1035
[]\T1/zi4/m/n/10 "loglinear"[]\T1/ptm/m/n/10 , []\T1/zi4/m/n/10 "poisson"[]\T1/
ptm/m/n/10 , []\T1/zi4/m/n/10 "negbin"[]\T1/ptm/m/n/10 , []\T1/zi4/m/n/10 "surv
Cox"[]\T1/ptm/m/n/10 , []\T1/zi4/m/n/10 "survAFT_exp"[]\T1/ptm/m/n/10 , or []\T
1/zi4/m/n/10 "survAFT_weibull"[]\T1/ptm/m/n/10 . 
 []



[21]

[22]

[23]

[24]
Overfull \hbox (5.20837pt too wide) in paragraph at lines 1270--1271
[]\T1/ptm/m/n/10 A char-ac-ter vec-tor of length 1. Out-come re-gres-sion type:
 []\T1/zi4/m/n/10 "linear"[]\T1/ptm/m/n/10 , []\T1/zi4/m/n/10 "logistic"[]\T1/p
tm/m/n/10 ,
 []


Overfull \hbox (52.38095pt too wide) in paragraph at lines 1270--1271
[]\T1/zi4/m/n/10 "loglinear"[]\T1/ptm/m/n/10 , []\T1/zi4/m/n/10 "poisson"[]\T1/
ptm/m/n/10 , []\T1/zi4/m/n/10 "negbin"[]\T1/ptm/m/n/10 , []\T1/zi4/m/n/10 "surv
Cox"[]\T1/ptm/m/n/10 , []\T1/zi4/m/n/10 "survAFT_exp"[]\T1/ptm/m/n/10 , or []\T
1/zi4/m/n/10 "survAFT_weibull"[]\T1/ptm/m/n/10 . 
 []



[25]

[26]
Overfull \hbox (12.81824pt too wide) in paragraph at lines 1349--1350
[]\T1/ptm/m/n/10 A char-ac-ter vec-tor of length 1. Me-di-a-tor re-gres-sion ty
pe: []\T1/zi4/m/n/10 "linear" []\T1/ptm/m/n/10 or []\T1/zi4/m/n/10 "logistic"[]
\T1/ptm/m/n/10 . 
 []


Overfull \hbox (5.20837pt too wide) in paragraph at lines 1351--1352
[]\T1/ptm/m/n/10 A char-ac-ter vec-tor of length 1. Out-come re-gres-sion type:
 []\T1/zi4/m/n/10 "linear"[]\T1/ptm/m/n/10 , []\T1/zi4/m/n/10 "logistic"[]\T1/p
tm/m/n/10 ,
 []


Overfull \hbox (52.38095pt too wide) in paragraph at lines 1351--1352
[]\T1/zi4/m/n/10 "loglinear"[]\T1/ptm/m/n/10 , []\T1/zi4/m/n/10 "poisson"[]\T1/
ptm/m/n/10 , []\T1/zi4/m/n/10 "negbin"[]\T1/ptm/m/n/10 , []\T1/zi4/m/n/10 "surv
Cox"[]\T1/ptm/m/n/10 , []\T1/zi4/m/n/10 "survAFT_exp"[]\T1/ptm/m/n/10 , or []\T
1/zi4/m/n/10 "survAFT_weibull"[]\T1/ptm/m/n/10 . 
 []



[27]

[28]

[29]
(/private/var/folders/7d/w68_c5z97jsdlnp1fbsxm8km0000gn/T/RtmpxlRGwX/Rd2pdf6839
9c521f/Rd2.ind

[30]
Overfull \hbox (3.3567pt too wide) in paragraph at lines 21--23
[]\T1/zi4/m/n/10 calc_myreg_mreg_logistic_yreg_logistic\T1/ptm/m/n/10 , 
 []





[31

])
(/private/var/folders/7d/w68_c5z97jsdlnp1fbsxm8km0000gn/T/RtmpxlRGwX/Rd2pdf6839
9c521f/Rd2.aux)
 ***********
LaTeX2e <2025-06-01> patch level 1
L3 programming layer <2025-08-13>
 ***********
Package rerunfilecheck Info: File `Rd2.out' has not changed.
(rerunfilecheck)             Checksum: 1529C70C1AC1CCCAB5CDEA4B9C1295E0;4884.
 ) 
Here is how much of TeX's memory you used:
 10860 strings out of 467800
 164726 string characters out of 5431883
 577657 words of memory out of 5000000
 39098 multiletter control sequences out of 15000+600000
 660981 words of font info for 84 fonts, out of 8000000 for 9000
 1141 hyphenation exceptions out of 8191
 92i,6n,95p,1125b,771s stack positions out of 10000i,1000n,20000p,200000b,200000s

pdfTeX warning (dest): name{Rfn.sandwich} has been referenced but does not exis
t, replaced by a fixed one


pdfTeX warning (dest): name{Rfn.summary.glm} has been referenced but does not e
xist, replaced by a fixed one


pdfTeX warning (dest): name{Rfn.survreg} has been referenced but does not exist
, replaced by a fixed one


pdfTeX warning (dest): name{Rfn.coxph} has been referenced but does not exist, 
replaced by a fixed one


pdfTeX warning (dest): name{Rfn.glm.nb} has been referenced but does not exist,
 replaced by a fixed one


pdfTeX warning (dest): name{Rfn.glm} has been referenced but does not exist, re
placed by a fixed one


pdfTeX warning (dest): name{Rfn.lm} has been referenced but does not exist, rep
laced by a fixed one


pdfTeX warning (dest): name{Rfn.coef} has been referenced but does not exist, r
eplaced by a fixed one

</usr/local/texlive/2025/texmf-dist/fonts/type1/public/inconsolata/Inconsolata-
zi4r.pfb></usr/local/texlive/2025/texmf-dist/fonts/type1/public/amsfonts/cm/cms
y10.pfb></usr/local/texlive/2025/texmf-dist/fonts/type1/urw/times/utmb8a.pfb></
usr/local/texlive/2025/texmf-dist/fonts/type1/urw/times/utmr8a.pfb></usr/local/
texlive/2025/texmf-dist/fonts/type1/urw/times/utmr8a.pfb></usr/local/texlive/20
25/texmf-dist/fonts/type1/urw/times/utmri8a.pfb>
Output written on Rd2.pdf (31 pages, 148063 bytes).
PDF statistics:
 651 PDF objects out of 1000 (max. 8388607)
 599 compressed objects within 6 object streams
 227 named destinations out of 1000 (max. 500000)
 241 words of extra memory for PDF output out of 10000 (max. 10000000)

