\BOOKMARK [1][-]{Rfn.beta.Rul.hat.1}{\376\377\000b\000e\000t\000a\000\137\000h\000a\000t}{}% 1
\BOOKMARK [1][-]{Rfn.calc.Rul.myreg.1}{\376\377\000c\000a\000l\000c\000\137\000m\000y\000r\000e\000g}{}% 2
\BOOKMARK [1][-]{Rfn.calc.Rul.myreg.Rul.mreg.Rul.linear.Rul.yreg.Rul.linear.1}{\376\377\000c\000a\000l\000c\000\137\000m\000y\000r\000e\000g\000\137\000m\000r\000e\000g\000\137\000l\000i\000n\000e\000a\000r\000\137\000y\000r\000e\000g\000\137\000l\000i\000n\000e\000a\000r}{}% 3
\BOOKMARK [1][-]{Rfn.calc.Rul.myreg.Rul.mreg.Rul.linear.Rul.yreg.Rul.logistic.1}{\376\377\000c\000a\000l\000c\000\137\000m\000y\000r\000e\000g\000\137\000m\000r\000e\000g\000\137\000l\000i\000n\000e\000a\000r\000\137\000y\000r\000e\000g\000\137\000l\000o\000g\000i\000s\000t\000i\000c}{}% 4
\BOOKMARK [1][-]{Rfn.calc.Rul.myreg.Rul.mreg.Rul.logistic.Rul.yreg.Rul.linear.1}{\376\377\000c\000a\000l\000c\000\137\000m\000y\000r\000e\000g\000\137\000m\000r\000e\000g\000\137\000l\000o\000g\000i\000s\000t\000i\000c\000\137\000y\000r\000e\000g\000\137\000l\000i\000n\000e\000a\000r}{}% 5
\BOOKMARK [1][-]{Rfn.calc.Rul.myreg.Rul.mreg.Rul.logistic.Rul.yreg.Rul.logistic.1}{\376\377\000c\000a\000l\000c\000\137\000m\000y\000r\000e\000g\000\137\000m\000r\000e\000g\000\137\000l\000o\000g\000i\000s\000t\000i\000c\000\137\000y\000r\000e\000g\000\137\000l\000o\000g\000i\000s\000t\000i\000c}{}% 6
\BOOKMARK [1][-]{Rfn.coef.regmedint.1}{\376\377\000c\000o\000e\000f\000.\000r\000e\000g\000m\000e\000d\000i\000n\000t}{}% 7
\BOOKMARK [1][-]{Rfn.coef.summary.Rul.regmedint.1}{\376\377\000c\000o\000e\000f\000.\000s\000u\000m\000m\000a\000r\000y\000\137\000r\000e\000g\000m\000e\000d\000i\000n\000t}{}% 8
\BOOKMARK [1][-]{Rfn.confint.regmedint.1}{\376\377\000c\000o\000n\000f\000i\000n\000t\000.\000r\000e\000g\000m\000e\000d\000i\000n\000t}{}% 9
\BOOKMARK [1][-]{Rfn.fit.Rul.mreg.1}{\376\377\000f\000i\000t\000\137\000m\000r\000e\000g}{}% 10
\BOOKMARK [1][-]{Rfn.fit.Rul.yreg.1}{\376\377\000f\000i\000t\000\137\000y\000r\000e\000g}{}% 11
\BOOKMARK [1][-]{Rfn.grad.Rul.prop.Rul.med.Rul.yreg.Rul.linear.1}{\376\377\000g\000r\000a\000d\000\137\000p\000r\000o\000p\000\137\000m\000e\000d\000\137\000y\000r\000e\000g\000\137\000l\000i\000n\000e\000a\000r}{}% 12
\BOOKMARK [1][-]{Rfn.grad.Rul.prop.Rul.med.Rul.yreg.Rul.logistic.1}{\376\377\000g\000r\000a\000d\000\137\000p\000r\000o\000p\000\137\000m\000e\000d\000\137\000y\000r\000e\000g\000\137\000l\000o\000g\000i\000s\000t\000i\000c}{}% 13
\BOOKMARK [1][-]{Rfn.new.Rul.regmedint.1}{\376\377\000n\000e\000w\000\137\000r\000e\000g\000m\000e\000d\000i\000n\000t}{}% 14
\BOOKMARK [1][-]{Rfn.print.regmedint.1}{\376\377\000p\000r\000i\000n\000t\000.\000r\000e\000g\000m\000e\000d\000i\000n\000t}{}% 15
\BOOKMARK [1][-]{Rfn.print.summary.Rul.regmedint.1}{\376\377\000p\000r\000i\000n\000t\000.\000s\000u\000m\000m\000a\000r\000y\000\137\000r\000e\000g\000m\000e\000d\000i\000n\000t}{}% 16
\BOOKMARK [1][-]{Rfn.prop.Rul.med.Rul.yreg.Rul.linear.1}{\376\377\000p\000r\000o\000p\000\137\000m\000e\000d\000\137\000y\000r\000e\000g\000\137\000l\000i\000n\000e\000a\000r}{}% 17
\BOOKMARK [1][-]{Rfn.prop.Rul.med.Rul.yreg.Rul.logistic.1}{\376\377\000p\000r\000o\000p\000\137\000m\000e\000d\000\137\000y\000r\000e\000g\000\137\000l\000o\000g\000i\000s\000t\000i\000c}{}% 18
\BOOKMARK [1][-]{Rfn.regmedint.1}{\376\377\000r\000e\000g\000m\000e\000d\000i\000n\000t}{}% 19
\BOOKMARK [1][-]{Rfn.report.Rul.missing.1}{\376\377\000r\000e\000p\000o\000r\000t\000\137\000m\000i\000s\000s\000i\000n\000g}{}% 20
\BOOKMARK [1][-]{Rfn.summary.regmedint.1}{\376\377\000s\000u\000m\000m\000a\000r\000y\000.\000r\000e\000g\000m\000e\000d\000i\000n\000t}{}% 21
\BOOKMARK [1][-]{Rfn.summary.regmedint.Rul.mod.Rul.poisson.1}{\376\377\000s\000u\000m\000m\000a\000r\000y\000.\000r\000e\000g\000m\000e\000d\000i\000n\000t\000\137\000m\000o\000d\000\137\000p\000o\000i\000s\000s\000o\000n}{}% 22
\BOOKMARK [1][-]{Rfn.theta.Rul.hat.1}{\376\377\000t\000h\000e\000t\000a\000\137\000h\000a\000t}{}% 23
\BOOKMARK [1][-]{Rfn.validate.Rul.args.1}{\376\377\000v\000a\000l\000i\000d\000a\000t\000e\000\137\000a\000r\000g\000s}{}% 24
\BOOKMARK [1][-]{Rfn.validate.Rul.regmedint.1}{\376\377\000v\000a\000l\000i\000d\000a\000t\000e\000\137\000r\000e\000g\000m\000e\000d\000i\000n\000t}{}% 25
\BOOKMARK [1][-]{Rfn.vcov.regmedint.1}{\376\377\000v\000c\000o\000v\000.\000r\000e\000g\000m\000e\000d\000i\000n\000t}{}% 26
\BOOKMARK [1][-]{Rfn.vcov.regmedint.Rul.mod.Rul.poisson.1}{\376\377\000v\000c\000o\000v\000.\000r\000e\000g\000m\000e\000d\000i\000n\000t\000\137\000m\000o\000d\000\137\000p\000o\000i\000s\000s\000o\000n}{}% 27
\BOOKMARK [1][-]{Rfn.vv2015.1}{\376\377\000v\000v\0002\0000\0001\0005}{}% 28
\BOOKMARK [0][-]{index.0}{\376\377\000I\000n\000d\000e\000x}{}% 29
